<?xml version="1.0" encoding="UTF-8"?>
<!-- Generated by org.testng.reporters.JUnitReportReporter -->
<testsuite hostname="NCSING4141VNJC0" failures="0" tests="1" name="com.ncs.PositiveTestcases.UserLogin" time="22.979" errors="0" timestamp="2024-10-25T17:54:42 IST" skipped="0">
  <testcase classname="com.ncs.PositiveTestcases.UserLogin" name="successfulUserLogin" time="22.979"/>
  <system-out/>
</testsuite> <!-- com.ncs.PositiveTestcases.UserLogin -->
